<?xml version="1.0" encoding="UTF-8"?>
<!-- Generated by org.testng.reporters.JUnitXMLReporter -->
<testsuite hostname="VASITQA0001" ignored="0" name="Test" tests="1" failures="1" timestamp="27 Apr 2020 05:09:50 GMT" time="0.3" errors="0">
  <testcase name="getmethod" time="0.266" classname="com.qa.testcase.GetApitest">
    <failure type="java.lang.NullPointerException">
      <![CDATA[java.lang.NullPointerException
at java.net.URI$Parser.parse(URI.java:3042)
at java.net.URI.<init>(URI.java:588)
at java.net.URI.create(URI.java:850)
at org.apache.http.client.methods.HttpGet.<init>(HttpGet.java:66)
at com.qa.client.GetmethodTest.getmethod(GetmethodTest.java:23)
at com.qa.testcase.GetApitest.getmethod(GetApitest.java:30)
... Removed 25 stack frames]]>
    </failure>
  </testcase> <!-- getmethod -->
</testsuite> <!-- Test -->
