<?xml version="1.0" encoding="UTF-8"?>
<testng-results skipped="0" failed="0" ignored="0" total="1" passed="1">
  <reporter-output>
  </reporter-output>
  <suite name="Suite" duration-ms="2973" started-at="2020-04-27T10:44:20 IST" finished-at="2020-04-27T10:44:23 IST">
    <groups>
    </groups>
    <test name="Test" duration-ms="2973" started-at="2020-04-27T10:44:20 IST" finished-at="2020-04-27T10:44:23 IST">
      <class name="com.qa.testcase.GetApitest">
        <test-method status="PASS" signature="setup()[pri:0, instance:com.qa.testcase.GetApitest@7921b0a2]" name="setup" is-config="true" duration-ms="8" started-at="2020-04-27T10:44:20 IST" finished-at="2020-04-27T10:44:20 IST">
          <reporter-output>
          </reporter-output>
        </test-method> <!-- setup -->
        <test-method status="PASS" signature="getmethod()[pri:0, instance:com.qa.testcase.GetApitest@7921b0a2]" name="getmethod" duration-ms="2943" started-at="2020-04-27T10:44:20 IST" finished-at="2020-04-27T10:44:23 IST">
          <reporter-output>
          </reporter-output>
        </test-method> <!-- getmethod -->
      </class> <!-- com.qa.testcase.GetApitest -->
    </test> <!-- Test -->
  </suite> <!-- Suite -->
</testng-results>
