<?xml version="1.0" encoding="UTF-8"?>
<testng-results skipped="0" failed="0" ignored="0" total="1" passed="1">
  <reporter-output>
  </reporter-output>
  <suite name="Default suite" duration-ms="2862" started-at="2020-04-27T12:00:22Z" finished-at="2020-04-27T12:00:25Z">
    <groups>
    </groups>
    <test name="Default test" duration-ms="2862" started-at="2020-04-27T12:00:22Z" finished-at="2020-04-27T12:00:25Z">
      <class name="com.qa.testcase.GetApitest">
        <test-method status="PASS" signature="setup()[pri:0, instance:com.qa.testcase.GetApitest@3532ec19]" name="setup" is-config="true" duration-ms="11" started-at="2020-04-27T12:00:22Z" finished-at="2020-04-27T12:00:22Z">
          <reporter-output>
          </reporter-output>
        </test-method> <!-- setup -->
        <test-method status="PASS" signature="post_method()[pri:0, instance:com.qa.testcase.GetApitest@3532ec19]" name="post_method" duration-ms="2831" started-at="2020-04-27T12:00:22Z" finished-at="2020-04-27T12:00:25Z">
          <reporter-output>
          </reporter-output>
        </test-method> <!-- post_method -->
      </class> <!-- com.qa.testcase.GetApitest -->
    </test> <!-- Default test -->
  </suite> <!-- Default suite -->
</testng-results>
